<?xml version="1.0" encoding="UTF-8"?>
<testng-results ignored="0" total="1" passed="1" failed="0" skipped="0">
  <reporter-output>
  </reporter-output>
  <suite started-at="2021-01-24T21:53:04 CET" name="Default suite" finished-at="2021-01-24T21:53:08 CET" duration-ms="4257">
    <groups>
    </groups>
    <test started-at="2021-01-24T21:53:04 CET" name="Default test" finished-at="2021-01-24T21:53:08 CET" duration-ms="4257">
      <class name="org.automationtesting.SeleniumProject.App">
        <test-method signature="sampleAutomation()[pri:0, instance:org.automationtesting.SeleniumProject.App@6e75aa0d]" started-at="2021-01-24T21:53:04 CET" name="sampleAutomation" finished-at="2021-01-24T21:53:08 CET" duration-ms="4206" status="PASS">
          <reporter-output>
          </reporter-output>
        </test-method> <!-- sampleAutomation -->
      </class> <!-- org.automationtesting.SeleniumProject.App -->
    </test> <!-- Default test -->
  </suite> <!-- Default suite -->
</testng-results>
